2025-04-29 09:38:20,524 INFO: Starting data export process
2025-04-29 09:38:20,524 ERROR: Error deleting file C:\Users\y7rbasav\OneDrive - Carl Zeiss AG\Desktop\Document_Search\bad_data\data_export.log: [WinError 32] The process cannot access the file because it is being used by another process: 'C:\\Users\\y7rbasav\\OneDrive - Carl Zeiss AG\\Desktop\\Document_Search\\bad_data\\data_export.log'
2025-04-29 09:38:20,551 INFO: Database Connection Established
2025-04-29 09:38:21,946 INFO: Saved: C:\Users\y7rbasav\OneDrive - Carl Zeiss AG\Desktop\Document_Search\bad_data\workflows_objects_takt.xlsx
2025-04-29 09:38:21,946 INFO: Database connection closed.
2025-04-29 09:38:21,946 INFO: Data export process finished
2025-04-29 09:58:36,859 INFO: Starting data export process
2025-04-29 09:58:36,860 ERROR: Error deleting file C:\Users\y7rbasav\OneDrive - Carl Zeiss AG\Desktop\Document_Search\bad_data\data_export.log: [WinError 32] The process cannot access the file because it is being used by another process: 'C:\\Users\\y7rbasav\\OneDrive - Carl Zeiss AG\\Desktop\\Document_Search\\bad_data\\data_export.log'
2025-04-29 09:58:36,861 ERROR: Error deleting file C:\Users\y7rbasav\OneDrive - Carl Zeiss AG\Desktop\Document_Search\bad_data\workflows_objects_takt.xlsx: [WinError 32] The process cannot access the file because it is being used by another process: 'C:\\Users\\y7rbasav\\OneDrive - Carl Zeiss AG\\Desktop\\Document_Search\\bad_data\\workflows_objects_takt.xlsx'
2025-04-29 09:58:36,884 INFO: Database Connection Established
2025-04-29 09:58:37,347 ERROR: Error processing table ('erp', 'workflows_objects_takt'): Execution failed on sql 'SELECT * FROM {'type': 'array', 'minLength': 1, 'maxLength': 1, 'items': {'type': 'integer'}}.('erp', 'workflows_objects_takt');': syntax error at or near "{"
LINE 1: SELECT * FROM {'type': 'array', 'minLength': 1, 'maxLength':...
                      ^

2025-04-29 09:58:37,347 ERROR: Error processing table ('erp', 'workflows_objects_task'): Execution failed on sql 'SELECT * FROM {'type': 'array', 'minLength': 1, 'maxLength': 1, 'items': {'type': 'integer'}}.('erp', 'workflows_objects_task');': syntax error at or near "{"
LINE 1: SELECT * FROM {'type': 'array', 'minLength': 1, 'maxLength':...
                      ^

2025-04-29 09:58:37,347 INFO: Database connection closed.
2025-04-29 09:58:37,347 INFO: Data export process finished
2025-04-29 10:03:47,049 INFO: Starting data export process
2025-04-29 10:03:47,051 ERROR: Error deleting file C:\Users\y7rbasav\OneDrive - Carl Zeiss AG\Desktop\Document_Search\bad_data\workflows_objects_takt.xlsx: [WinError 32] The process cannot access the file because it is being used by another process: 'C:\\Users\\y7rbasav\\OneDrive - Carl Zeiss AG\\Desktop\\Document_Search\\bad_data\\workflows_objects_takt.xlsx'
2025-04-29 10:03:47,084 INFO: Database Connection Established
2025-04-29 10:03:47,408 ERROR: Error processing table ({'type': 'array', 'minLength': 1, 'maxLength': 1, 'items': {'type': 'integer'}},('erp', 'workflows_objects_takt')): Execution failed on sql 'SELECT * FROM {'type': 'array', 'minLength': 1, 'maxLength': 1, 'items': {'type': 'integer'}}.('erp', 'workflows_objects_takt');': syntax error at or near "{"
LINE 1: SELECT * FROM {'type': 'array', 'minLength': 1, 'maxLength':...
                      ^

2025-04-29 10:03:47,408 ERROR: Error processing table ({'type': 'array', 'minLength': 1, 'maxLength': 1, 'items': {'type': 'integer'}},('erp', 'workflows_objects_task')): Execution failed on sql 'SELECT * FROM {'type': 'array', 'minLength': 1, 'maxLength': 1, 'items': {'type': 'integer'}}.('erp', 'workflows_objects_task');': syntax error at or near "{"
LINE 1: SELECT * FROM {'type': 'array', 'minLength': 1, 'maxLength':...
                      ^

2025-04-29 10:03:47,408 INFO: Database connection closed.
2025-04-29 10:03:47,408 INFO: Data export process finished
2025-04-29 10:07:53,996 INFO: Starting data export process
2025-04-29 10:07:53,996 ERROR: Error deleting file C:\Users\y7rbasav\OneDrive - Carl Zeiss AG\Desktop\Document_Search\bad_data\workflows_objects_takt.xlsx: [WinError 32] The process cannot access the file because it is being used by another process: 'C:\\Users\\y7rbasav\\OneDrive - Carl Zeiss AG\\Desktop\\Document_Search\\bad_data\\workflows_objects_takt.xlsx'
2025-04-29 10:07:54,045 INFO: Database Connection Established
2025-04-29 10:07:55,446 INFO: Saved: C:\Users\y7rbasav\OneDrive - Carl Zeiss AG\Desktop\Document_Search\bad_data\erp.workflows_objects_takt.xlsx
2025-04-29 10:07:57,828 INFO: Saved: C:\Users\y7rbasav\OneDrive - Carl Zeiss AG\Desktop\Document_Search\bad_data\erp.workflows_objects_task.xlsx
2025-04-29 10:07:57,828 INFO: Database connection closed.
2025-04-29 10:07:57,844 INFO: Data export process finished
